<?xml version="1.0" encoding="UTF-8"?>
<robot generator="Robot 3.2.2 (Python 3.9.1 on win32)" generated="20210227 03:54:16.875" rpa="false">
<suite id="s1" name="Test1" source="C:\Users\bryan\Desktop\Assignment#1\robotframework\robotframework\test1.robot">
<test id="s1-t1" name="Open www.google.com">
<kw name="Open Browser" library="SeleniumLibrary">
<doc>Opens a new browser instance to the optional ``url``.</doc>
<arguments>
<arg>${HOMEPAGE}</arg>
<arg>${BROWSER}</arg>
</arguments>
<msg timestamp="20210227 03:54:17.030" level="INFO">Opening browser 'Chrome' to base url 'http://www.google.com'.</msg>
<status status="PASS" starttime="20210227 03:54:17.030" endtime="20210227 03:54:20.759"></status>
</kw>
<status status="PASS" starttime="20210227 03:54:17.030" endtime="20210227 03:54:20.759" critical="yes"></status>
</test>
<status status="PASS" starttime="20210227 03:54:16.876" endtime="20210227 03:54:20.759"></status>
</suite>
<statistics>
<total>
<stat pass="1" fail="0">Critical Tests</stat>
<stat pass="1" fail="0">All Tests</stat>
</total>
<tag>
</tag>
<suite>
<stat pass="1" fail="0" id="s1" name="Test1">Test1</stat>
</suite>
</statistics>
<errors>
</errors>
</robot>
